Watching for file changes with StatReloader
[01/Aug/2025 14:23:15] "GET / HTTP/1.1" 302 0
[01/Aug/2025 14:23:16] "GET /admin/barbearias/horariofuncionamento/ HTTP/1.1" 200 18545
[01/Aug/2025 14:23:16] "GET /admin/jsi18n/ HTTP/1.1" 200 3342
[01/Aug/2025 14:23:16] "GET /static/admin/img/icon-no.svg HTTP/1.1" 304 0
[01/Aug/2025 14:23:23] "GET /barbearia-teste/ HTTP/1.1" 200 14676
[01/Aug/2025 14:23:39] "GET /barbearia-teste/agendar/ HTTP/1.1" 200 22871
[01/Aug/2025 14:23:40] "GET /barbearia-teste/api/dias-fechados/ HTTP/1.1" 200 22
[01/Aug/2025 14:23:50] "GET /barbearia-teste/api/horarios-disponiveis/?profissional_id=1&data=2025-08-14&servico_id=6 HTTP/1.1" 200 1123
Performing system checks...

System check identified no issues (0 silenced).
August 01, 2025 - 14:23:08
Django version 5.2.4, using settings 'barbearia_system.settings'
Starting development server at http://127.0.0.1:8000/
Quit the server with CONTROL-C.

WARNING: This is a development server. Do not use it in a production setting. Use a production WSGI or ASGI server instead.
For more information on production servers see: https://docs.djangoproject.com/en/5.2/howto/deployment/
Content-Type: multipart/alternative;
 boundary="===============0063600765969462701=="
MIME-Version: 1.0
Subject: 
 =?utf-8?q?=F0=9F=86=95_Novo_Agendamento_-_Gabriel_=2814/08/2025_12=3A30=29?=
From: Sistema de Agendamento <noreply@agendamento.com>
To: ronwsv@gmail.com
Date: Fri, 01 Aug 2025 14:23:54 -0000
Message-ID: <175405823427.222485.16041295983937418065@ZANGARI-172>

--===============0063600765969462701==
Content-Type: text/plain; charset="utf-8"
MIME-Version: 1.0
Content-Transfer-Encoding: 8bit


NOVO AGENDAMENTO RECEBIDO!

Cliente: Gabriel
Telefone: 11910688908
Email: gabriel.ladoche@outlook.com

Data: 14/08/2025
Horário: 12:30
Serviço: progressiva
Profissional: Lucas
Valor: R$ 150.00
Duração: 120 minutos



ID do Agendamento: #9
Status: Agendado
Agendamento realizado em: 01/08/2025 14:23

---
Barbearia teste
Sistema de Agendamento

--===============0063600765969462701==
Content-Type: text/html; charset="utf-8"
MIME-Version: 1.0
Content-Transfer-Encoding: 8bit

<!DOCTYPE html>
<html lang="pt-BR">
<head>
    <meta charset="UTF-8">
    <meta name="viewport" content="width=device-width, initial-scale=1.0">
    <title>Novo Agendamento</title>
    <style>
        body {
            font-family: -apple-system, BlinkMacSystemFont, 'Segoe UI', Roboto, sans-serif;
            line-height: 1.6;
            color: #333;
            max-width: 600px;
            margin: 0 auto;
            padding: 20px;
            background-color: #f5f5f5;
        }
        .container {
            background: white;
            border-radius: 10px;
            padding: 30px;
            box-shadow: 0 2px 10px rgba(0,0,0,0.1);
        }
        .header {
            text-align: center;
            margin-bottom: 30px;
            padding-bottom: 20px;
            border-bottom: 2px solid #E2262A;
        }
        .header h1 {
            color: #E2262A;
            margin: 0;
            font-size: 24px;
        }
        .alert {
            background-color: #d4edda;
            border: 1px solid #c3e6cb;
            color: #155724;
            padding: 15px;
            border-radius: 8px;
            margin: 20px 0;
            text-align: center;
            font-weight: bold;
        }
        .agendamento-info {
            background-color: #f8f9fa;
            border-radius: 8px;
            padding: 20px;
            margin: 20px 0;
        }
        .info-row {
            display: flex;
            margin-bottom: 12px;
            align-items: center;
        }
        .info-icon {
            width: 20px;
            margin-right: 10px;
            font-size: 16px;
        }
        .info-label {
            font-weight: bold;
            min-width: 120px;
            color: #555;
        }
        .info-value {
            color: #333;
        }
        .cliente-info {
            background-color: #e3f2fd;
            border-left: 4px solid #2196f3;
            padding: 15px;
            margin: 20px 0;
        }
        .preco {
            font-size: 18px;
            font-weight: bold;
            color: #E2262A;
        }
        .observacoes {
            background-color: #fff3cd;
            border: 1px solid #ffeaa7;
            border-radius: 6px;
            padding: 15px;
            margin: 20px 0;
        }
        .footer {
            text-align: center;
            margin-top: 30px;
            padding-top: 20px;
            border-top: 1px solid #eee;
            color: #666;
            font-size: 14px;
        }
        .btn {
            display: inline-block;
            background-color: #E2262A;
            color: white;
            padding: 12px 24px;
            text-decoration: none;
            border-radius: 6px;
            margin: 10px 5px;
            font-weight: bold;
        }
        .urgente {
            background-color: #f8d7da;
            border: 1px solid #f5c6cb;
            color: #721c24;
            padding: 15px;
            border-radius: 8px;
            margin: 20px 0;
            text-align: center;
        }
    </style>
</head>
<body>
    <div class="container">
        <div class="header">
            <h1>🆕 Novo Agendamento!</h1>
            <p>Barbearia teste</p>
        </div>

        <div class="alert">
            ✅ Um novo agendamento foi realizado em seu estabelecimento!
        </div>

        <div class="cliente-info">
            <h3 style="margin: 0 0 10px 0; color: #2196f3;">👤 Dados do Cliente</h3>
            <div class="info-row">
                <span class="info-icon">👨‍💼</span>
                <span class="info-label">Nome:</span>
                <span class="info-value"><strong>Gabriel</strong></span>
            </div>
            <div class="info-row">
                <span class="info-icon">📱</span>
                <span class="info-label">Telefone:</span>
                <span class="info-value">11910688908</span>
            </div>
            <div class="info-row">
                <span class="info-icon">📧</span>
                <span class="info-label">Email:</span>
                <span class="info-value">gabriel.ladoche@outlook.com</span>
            </div>
        </div>

        <div class="agendamento-info">
            <h3 style="margin: 0 0 15px 0; color: #E2262A;">📅 Detalhes do Agendamento</h3>
            <div class="info-row">
                <span class="info-icon">📅</span>
                <span class="info-label">Data:</span>
                <span class="info-value"><strong>14/08/2025</strong></span>
            </div>
            <div class="info-row">
                <span class="info-icon">⏰</span>
                <span class="info-label">Horário:</span>
                <span class="info-value"><strong>12:30</strong></span>
            </div>
            <div class="info-row">
                <span class="info-icon">💼</span>
                <span class="info-label">Serviço:</span>
                <span class="info-value">progressiva</span>
            </div>
            <div class="info-row">
                <span class="info-icon">👨‍💼</span>
                <span class="info-label">Profissional:</span>
                <span class="info-value">Lucas</span>
            </div>
            <div class="info-row">
                <span class="info-icon">💰</span>
                <span class="info-label">Valor:</span>
                <span class="info-value preco">R$ 150.00</span>
            </div>
            <div class="info-row">
                <span class="info-icon">⏱️</span>
                <span class="info-label">Duração:</span>
                <span class="info-value">120 minutos</span>
            </div>
            <div class="info-row">
                <span class="info-icon">🆔</span>
                <span class="info-label">ID do Agendamento:</span>
                <span class="info-value">#9</span>
            </div>
        </div>

        

        <!-- Verificar se é agendamento para hoje ou amanhã -->
        
        

        <div style="text-align: center; margin: 30px 0;">
            <p><strong>📊 Status:</strong> <span style="color: #E2262A;">Agendado</span></p>
            <p>Agendamento realizado em: <strong>01/08/2025 14:23</strong></p>
        </div>

        <div class="footer">
            <p><strong>Barbearia teste</strong></p>
            <p>rua joaquim floriano</p>
            <p>📞 119999999</p>
            <hr style="margin: 20px 0;">
            <p style="font-size: 12px; color: #999;">
                Esta é uma notificação automática do Sistema de Agendamento.<br>
                Você pode gerenciar seus agendamentos através do painel administrativo.
            </p>
        </div>
    </div>
</body>
</html>
--===============0063600765969462701==--

-------------------------------------------------------------------------------
[01/Aug/2025 14:23:54] "POST /barbearia-teste/agendar/ HTTP/1.1" 302 0
[01/Aug/2025 14:23:54] "GET /barbearia-teste/ HTTP/1.1" 200 15510
/home/gabriell/Documentos/barbearia/barbearia_system/settings.py changed, reloading.
✅ Notificação enviada com sucesso para agendamento #9
Watching for file changes with StatReloader
/home/gabriell/Documentos/barbearia/barbearia_system/settings.py changed, reloading.
Performing system checks...

System check identified no issues (0 silenced).
August 01, 2025 - 14:25:43
Django version 5.2.4, using settings 'barbearia_system.settings'
Starting development server at http://127.0.0.1:8000/
Quit the server with CONTROL-C.

WARNING: This is a development server. Do not use it in a production setting. Use a production WSGI or ASGI server instead.
For more information on production servers see: https://docs.djangoproject.com/en/5.2/howto/deployment/
Watching for file changes with StatReloader
[01/Aug/2025 14:29:00] "GET /barbearia-teste/ HTTP/1.1" 200 14676
[01/Aug/2025 14:29:01] "GET /barbearia-teste/agendar/ HTTP/1.1" 200 22871
[01/Aug/2025 14:29:01] "GET /barbearia-teste/api/dias-fechados/ HTTP/1.1" 200 22
[01/Aug/2025 14:29:13] "GET /barbearia-teste/api/horarios-disponiveis/?profissional_id=1&data=2025-08-28&servico_id=4 HTTP/1.1" 200 1236
[01/Aug/2025 14:29:19] "POST /barbearia-teste/agendar/ HTTP/1.1" 200 22954
[01/Aug/2025 14:29:19] "GET /barbearia-teste/api/dias-fechados/ HTTP/1.1" 200 22
[01/Aug/2025 14:29:21] "POST /barbearia-teste/agendar/ HTTP/1.1" 200 22954
[01/Aug/2025 14:29:21] "GET /barbearia-teste/api/dias-fechados/ HTTP/1.1" 200 22
[01/Aug/2025 14:43:11] "GET / HTTP/1.1" 302 0
[01/Aug/2025 14:43:11] "GET /barbearia-teste/ HTTP/1.1" 200 14676
[01/Aug/2025 14:43:13] "GET /barbearia-teste/agendar/ HTTP/1.1" 200 22871
[01/Aug/2025 14:43:13] "GET /barbearia-teste/api/dias-fechados/ HTTP/1.1" 200 22
[01/Aug/2025 14:43:26] "GET /barbearia-teste/api/horarios-disponiveis/?profissional_id=1&data=2025-08-26&servico_id=4 HTTP/1.1" 200 1236
[01/Aug/2025 14:43:32] "POST /barbearia-teste/agendar/ HTTP/1.1" 302 0
[01/Aug/2025 14:43:32] "GET /barbearia-teste/ HTTP/1.1" 200 15510
